diff --git a/VOF-Client-Desktop/CMakeLists.txt b/VOF-Client-Desktop/CMakeLists.txt
index deacb08..4ce8ecf 100644
--- a/VOF-Client-Desktop/CMakeLists.txt
+++ b/VOF-Client-Desktop/CMakeLists.txt
@@ -41,8 +41,9 @@ if(${QT_VERSION_MAJOR} GREATER_EQUAL 6)
         Replay.h Replay.cpp Replay.ui
         Client.h Client.cpp
         Config.h Config.cpp
-        shop.h shop.cpp shop.ui
+        Shop.h Shop.cpp Shop.ui
         voltorb_img.qrc
+        Client.cpp
     )
 # Define target properties for Android with Qt 6 as:
 #    set_property(TARGET VOF-Client-Desktop APPEND PROPERTY QT_ANDROID_PACKAGE_SOURCE_DIR
diff --git a/VOF-Client-Desktop/Client.cpp b/VOF-Client-Desktop/Client.cpp
index be33f0b..10e9e03 100644
--- a/VOF-Client-Desktop/Client.cpp
+++ b/VOF-Client-Desktop/Client.cpp
@@ -2,7 +2,7 @@
 
 #include "Client.h"
 #include "Config.h"
-#include "Constants.h"
+
 
 #include <QDebug>
 
@@ -12,6 +12,65 @@ Client::Client(QObject *parent)
 {
     m_in.setDevice(m_tcpSocket);
     m_in.setVersion(QDataStream::Qt_6_5);
+    connect(m_tcpSocket, &QTcpSocket::readyRead,
+            this, &Client::slot_onReadyRead);
+
+    m_out.setDevice(m_tcpSocket);
+    m_out.setVersion(QDataStream::Qt_6_5);
+
+    connect(this, &Client::sig_matchAction,
+            this, &Client::slot_sendMatchAction);
+}
+
+void Client::m_loadConfig(bool force)
+{
+    bool settingChanged = false;
+    QJsonObject config = VOF::loadOrCreateConfig();
+    quint32 id = config["playerID"].toInt();
+    quint16 token = config["sessionToken"].toInt();
+    QString name = config["playerName"].toString();
+    if(force || (id != m_dwID)) m_dwID = id;
+    if(force || (token != m_wToken)) m_wToken = token;
+    if(force || QString::compare(m_szName, name, Qt::CaseInsensitive))
+        m_szName = name;
+
+    if(settingChanged)
+        m_updateConfig();
+}
+
+quint16 Client::m_packMove(VOF::Action action, quint8 x, quint8 y) {
+    return static_cast<quint16>(action | (x << 4) | (y << 8));
+    //click '0' on field (2,3) -> 0x0230
+}
+
+void Client::slot_onReadyRead()
+{
+    m_in.startTransaction();
+    quint8 command;
+    m_in >> command;
+
+    if (!m_in.commitTransaction()) {
+        return;
+    }
+
+    //qDebug() << "clientOnReadyRead command " << command << Qt::endl;
+
+    switch (command){
+    case VOF::Command::LoginRequest:
+        m_sendIdentification();
+        emit sig_identificationSent();
+        break;
+    case VOF::Command::NewLoginConfig:
+        //qDebug() << "clientOnReadyRead Prev " << m_dwID << " : " << m_wToken << Qt::endl;
+        m_in >> m_dwID;
+        m_in >> m_wToken;
+        //qDebug() << "clientOnReadyRead After " << m_dwID << " : " << m_wToken << Qt::endl;
+        VOF::writeConfig(m_dwID, m_wToken, m_szName);
+        emit sig_newLoginSaved();
+        break;
+    default:
+        break;
+    }
 }
 
 void Client::m_readLobbyState() //notworking
@@ -33,47 +92,59 @@ bool Client::m_checkStartLobby() //notworking
     return everyoneReady;
 }
 
-void Client::m_attach()
+void Client::slot_attach(QHostAddress ipAdressIn, quint16 portIn)
 {
-    qDebug() << "m_attach()";
-    m_tcpSocket->abort();
-    m_tcpSocket->connectToHost(QHostAddress::LocalHost, 16000);
-}
+    if(!m_tcpSocket)
+        m_setTcpSocket(new QTcpSocket);
 
-void Client::m_detach()
-{
-    m_tcpSocket->abort();
-    m_tcpSocket->disconnectFromHost();
-    m_tcpSocket->deleteLater();
+    m_tcpSocket->connectToHost(ipAdressIn, portIn);
 
-}
-
-void Client::m_identify()
-{
     if (m_tcpSocket->state() != QAbstractSocket::ConnectedState) {
         qDebug() << "Not Connected. M_attach...";
-        m_attach();
 
         if (!m_tcpSocket->waitForConnected(3000)) {
             qDebug() << "Could not connect:" << m_tcpSocket->errorString();
+            //startServer();
             return;
         }
     }
+}
 
-    qDebug() << "Connected. Sending Identification";
-
-    QJsonObject config = VOF::loadOrCreateConfig();
+void Client::slot_detach()
+{
+    if (m_tcpSocket &&
+        m_tcpSocket->state() == QAbstractSocket::ConnectedState) {
+        qDebug() << "Sending Quit-Command before application closes...";
+        m_out << VOF::Command::Quit;
+        m_tcpSocket->flush();
+        m_tcpSocket->waitForBytesWritten(1000);
+        m_tcpSocket->disconnectFromHost();
+    }
+}
 
-    quint8 command = VOF::LoginRequest;
-    quint32 id = QRandomGenerator::global()->generate();;//config["playerID"].toInt();
-    quint16 token = config["sessionToken"].toInt();
+void Client::m_sendIdentification()
+{
+    qDebug() << "Connected. Sending Identification";
+    //only read if values are empty
+    if((m_dwID == 0) || (m_wToken == 0) || (m_szName.isEmpty()))
+        m_loadConfig();
+
+    quint8 command = VOF::Command::LoginRequest;
+    m_out << command;
+    m_out << m_dwID;
+    m_out << m_wToken;
+    m_tcpSocket->flush();
+}
 
-    QByteArray packet;
-    QDataStream out(&packet, QIODevice::WriteOnly);
-    out.setVersion(QDataStream::Qt_6_5);
-    out << command;
-    out << id;
-    out << token;
+void Client::m_updateConfig(bool force)
+{
+    VOF::writeConfig(m_dwID, m_wToken, m_szName, force);
+}
 
-    m_tcpSocket->write(packet);
+void Client::slot_sendMatchAction(VOF::Action action, quint8 x, quint8 y)
+{
+    quint16 packedMove = m_packMove(action, x, y);
+    m_out << VOF::Command::PlayerMove;
+    m_out << packedMove;
+    m_tcpSocket->flush();
 }
diff --git a/VOF-Client-Desktop/Client.h b/VOF-Client-Desktop/Client.h
index 4ee0735..ff5e34d 100644
--- a/VOF-Client-Desktop/Client.h
+++ b/VOF-Client-Desktop/Client.h
@@ -5,6 +5,8 @@
 #include <QDataStream>
 #include <QTcpSocket>
 
+#include "Constants.h"
+
 QT_BEGIN_NAMESPACE
 class QTcpSocket;
 QT_END_NAMESPACE
@@ -12,19 +14,50 @@ QT_END_NAMESPACE
 class Client : public QObject
 {
     Q_OBJECT
+signals:
+    void sig_identificationSent();
+    void sig_matchAction(VOF::Action action, quint8 x, quint8 y);
+    void sig_newLoginSaved();
+
 public:
     explicit Client(QObject *parent = nullptr);
+
 public slots:
-    void m_attach();
-    void m_detach();
+    void slot_onReadyRead();
+    void slot_attach(QHostAddress ipAdressIn = QHostAddress::LocalHost, quint16 port = 16000);
+    void slot_detach();
     void m_readLobbyState();
     bool m_checkStartLobby();
-    void m_identify();
-signals:
+    void m_sendIdentification();
+
+    void m_updateConfig(bool force = false);
+
+    QTcpSocket* m_getTcpSocket() { return m_tcpSocket; };
+    void m_setTcpSocket(QTcpSocket * sIn) { m_tcpSocket = sIn; m_tcpSocket->setParent(this); }
+
+    quint32 m_getID() { return m_dwID; }
+    void m_setID(quint32 dwIDin) { m_dwID = dwIDin; }
+
+    quint16 m_getToken() { return m_wToken; }
+    void m_setToken(quint16 wTokenin) { m_wToken = wTokenin; }
+
+    QString m_getName() { return m_szName; }
+    void m_setName(QString szNamein) { m_szName = szNamein; }
+
+private slots:
+    void slot_sendMatchAction(VOF::Action action, quint8 x, quint8 y);
 
 private:
     QTcpSocket *m_tcpSocket = nullptr;
     QDataStream m_in;
+    QDataStream m_out;
+
+    quint32 m_dwID;
+    quint16 m_wToken;
+    QString m_szName;
+
+    void m_loadConfig(bool force = false);
+    quint16 m_packMove(VOF::Action action, quint8 x, quint8 y);
 };
 
 #endif // CLIENT_H
diff --git a/VOF-Client-Desktop/Config.cpp b/VOF-Client-Desktop/Config.cpp
index 5ed3439..0c67145 100644
--- a/VOF-Client-Desktop/Config.cpp
+++ b/VOF-Client-Desktop/Config.cpp
@@ -5,43 +5,38 @@
 #include <QStandardPaths>
 #include <QDir>
 
-// Hilfsfunktion: Pfad zur Datei finden
 QString VOF::getConfigPath() {
     QString path = QStandardPaths::writableLocation(QStandardPaths::AppDataLocation);
-    QDir().mkpath(path); // Erstellt den Ordner, falls er fehlt
+    QDir().mkpath(path);
     return path + "/config.json";
 }
 
-// 1. Speichern (Stringify)
-void VOF::saveConfig(const QString& name, quint32 id, quint16 token) {
+void VOF::writeConfig(quint32 id, quint16 token, const QString& name, bool force) {
     QJsonObject obj;
-    obj["playerName"] = name;
-    obj["playerID"] = static_cast<double>(id); // JSON nutzt double für Zahlen
+    obj["playerID"] = static_cast<double>(id);
     obj["sessionToken"] = static_cast<double>(token);
+    obj["playerName"] = name;
 
     QJsonDocument doc(obj);
     QFile file(getConfigPath());
     if (file.open(QIODevice::WriteOnly)) {
-        file.write(doc.toJson()); // Das ist das "Stringify"
+        file.write(doc.toJson());
         file.close();
     }
 }
 
-// 2. Laden oder Erstellen (Parse)
 QJsonObject VOF::loadOrCreateConfig() {
     QFile file(getConfigPath());
 
     if (!file.exists()) {
-        // Datei nicht da? Erstellen mit Standardwerten
-        saveConfig("NewPlayer", 0, 0);
+        writeConfig(0, 0, "NewPlayer");
     }
 
     if (file.open(QIODevice::ReadOnly)) {
         QByteArray data = file.readAll();
         file.close();
-        // Das ist das "Parse"
         return QJsonDocument::fromJson(data).object();
     }
 
-    return QJsonObject(); // Fehlerfall
+    return QJsonObject();
 }
diff --git a/VOF-Client-Desktop/Config.h b/VOF-Client-Desktop/Config.h
index 96fcb62..f5cee9d 100644
--- a/VOF-Client-Desktop/Config.h
+++ b/VOF-Client-Desktop/Config.h
@@ -6,7 +6,7 @@
 
 namespace VOF {
 QString getConfigPath();
-void saveConfig(const QString& name, quint32 id, quint16 token);
+void writeConfig(quint32 id, quint16 token, const QString& name, bool force = false);
 QJsonObject loadOrCreateConfig();
 
 } // namespace VOF
diff --git a/VOF-Client-Desktop/Lobby.cpp b/VOF-Client-Desktop/Lobby.cpp
index 43c2bd7..1636001 100644
--- a/VOF-Client-Desktop/Lobby.cpp
+++ b/VOF-Client-Desktop/Lobby.cpp
@@ -57,6 +57,6 @@ void Lobby::onMatchTimeout()
 // NEU: gleiches Verhalten wie im Menu
 void Lobby::on_replayBtn_clicked()
 {
-    emit backToMenu();   // optional: falls du Menü zeigen willst
-    this->hide();        // Lobby schließen
+    //emit backToMenu();   // optional: falls du Menü zeigen willst
+    //this->hide();        // Lobby schließen
 }
diff --git a/VOF-Client-Desktop/Lobby.ui b/VOF-Client-Desktop/Lobby.ui
index beb104a..4de679e 100644
--- a/VOF-Client-Desktop/Lobby.ui
+++ b/VOF-Client-Desktop/Lobby.ui
@@ -11,7 +11,10 @@
    </rect>
   </property>
   <property name="windowTitle">
-   <string>Form</string>
+   <string/>
+  </property>
+  <property name="windowOpacity">
+   <double>2.000000000000000</double>
   </property>
   <property name="styleSheet">
    <string notr="true">background-color: #14845C;</string>
diff --git a/VOF-Client-Desktop/Main.cpp b/VOF-Client-Desktop/Main.cpp
index 5b1d171..403d637 100644
--- a/VOF-Client-Desktop/Main.cpp
+++ b/VOF-Client-Desktop/Main.cpp
@@ -7,23 +7,31 @@
 int main(int argc, char *argv[])
 {
     QApplication a(argc, argv);
-
     a.setStyle(QStyleFactory::create("Fusion"));
+    a.setQuitOnLastWindowClosed(false);
 
-    QPalette palette;
-    palette.setColor(QPalette::Window, Qt::white);
-    palette.setColor(QPalette::WindowText, Qt::black);
-    palette.setColor(QPalette::Base, Qt::white);
-    palette.setColor(QPalette::AlternateBase, QColor(240, 240, 240));
-    palette.setColor(QPalette::Text, Qt::black);
-    palette.setColor(QPalette::Button, QColor(240, 240, 240));
-    palette.setColor(QPalette::ButtonText, Qt::black);
-    palette.setColor(QPalette::Highlight, QColor(0, 120, 215));
-    palette.setColor(QPalette::HighlightedText, Qt::white);
+    QPalette palette;{
+        palette.setColor(QPalette::Window, Qt::white);
+        palette.setColor(QPalette::WindowText, Qt::black);
+        palette.setColor(QPalette::Base, Qt::white);
+        palette.setColor(QPalette::AlternateBase, QColor(240, 240, 240));
+        palette.setColor(QPalette::Text, Qt::black);
+        palette.setColor(QPalette::Button, QColor(240, 240, 240));
+        palette.setColor(QPalette::ButtonText, Qt::black);
+        palette.setColor(QPalette::Highlight, QColor(0, 120, 215));
+        palette.setColor(QPalette::HighlightedText, Qt::white);
+        a.setPalette(palette);
+    }
 
-    a.setPalette(palette);
+    QString profile = (argc > 1) ? argv[1] : "DefaultPlayer";
+    a.setApplicationName("VoltOrbFlip_" + profile);
+    QString szID = (argc > 2) ? argv[2] : 0;
+    quint32 ID = szID.toInt();
+    QString szToken = (argc > 3) ? argv[3] : 0;
+    quint16 Token = szToken.toInt();
 
     Menu w;
+    w.m_setPlayerConfig(ID, Token, profile, true);
     w.show();
 
     return a.exec();
diff --git a/VOF-Client-Desktop/Match.ui b/VOF-Client-Desktop/Match.ui
index 7ad0062..463251b 100644
--- a/VOF-Client-Desktop/Match.ui
+++ b/VOF-Client-Desktop/Match.ui
@@ -10,9 +10,6 @@
     <height>768</height>
    </rect>
   </property>
-  <property name="windowTitle">
-   <string>Form</string>
-  </property>
   <property name="styleSheet">
    <string notr="true">background-color: #14845C;</string>
   </property>
diff --git a/VOF-Client-Desktop/Menu.cpp b/VOF-Client-Desktop/Menu.cpp
index 7b04327..a13cc37 100644
--- a/VOF-Client-Desktop/Menu.cpp
+++ b/VOF-Client-Desktop/Menu.cpp
@@ -1,6 +1,8 @@
 #include "Menu.h"
 #include "./ui_Menu.h"
 
+#include <QCloseEvent>
+
 Menu::Menu(QWidget *parent)
     : QMainWindow(parent)
     , ui(new Ui::Menu)
@@ -8,7 +10,7 @@ Menu::Menu(QWidget *parent)
     , rulesWindow(new rules(this))
     , matchWindow(new Match(this))
     , replayWindow(new replay(this))
-    , client(new Client(this))
+    , m_client(new Client(this))
 {
     ui->setupUi(this);
     rulesWindow->hide();
@@ -44,6 +46,21 @@ Menu::Menu(QWidget *parent)
             this, &Menu::on_replayBtn_clicked);
 }
 
+void Menu::m_setPlayerConfig(quint32 ID, quint16 token, QString name, bool force)
+{
+    m_client->m_setID(ID);
+    m_client->m_setToken(token);
+    m_client->m_setName(name);
+    m_client->m_updateConfig(force);
+}
+
+void Menu::closeEvent(QCloseEvent *event) { //slow close because of connection?
+    if (m_client) {
+        m_client->slot_detach();
+    }
+    event->accept();
+}
+
 Menu::~Menu()
 {
     delete ui;
@@ -51,7 +68,7 @@ Menu::~Menu()
 
 void Menu::on_playBtn_clicked()
 {
-    client->m_identify();
+    m_client->slot_attach();
     lobby->show();
     this->hide();
 }
@@ -65,5 +82,5 @@ void Menu::on_rulesBtn_clicked()
 void Menu::on_replayBtn_clicked()
 {
     replayWindow->show();
-    this->hide();
+    //this->hide();
 }
diff --git a/VOF-Client-Desktop/Menu.h b/VOF-Client-Desktop/Menu.h
index 328d659..055ae16 100644
--- a/VOF-Client-Desktop/Menu.h
+++ b/VOF-Client-Desktop/Menu.h
@@ -20,8 +20,12 @@ class Menu : public QMainWindow
 
 public:
     explicit Menu(QWidget *parent = nullptr);
+    void m_setPlayerConfig(quint32 ID = 0, quint16 token = 0, QString name = 0, bool force = false);
     ~Menu();
 
+protected:
+    void closeEvent(QCloseEvent *event) override;
+
 private slots:
     void on_playBtn_clicked();     // Lobby öffnen
     void on_rulesBtn_clicked();    // Rules öffnen
@@ -34,7 +38,7 @@ private:
     rules *rulesWindow;
     Match *matchWindow;
     replay *replayWindow;
-    Client *client;
+    Client *m_client;
 };
 
 #endif // MENU_H
diff --git a/VOF-Client-Desktop/Menu.ui b/VOF-Client-Desktop/Menu.ui
index 5883b79..0df6073 100644
--- a/VOF-Client-Desktop/Menu.ui
+++ b/VOF-Client-Desktop/Menu.ui
@@ -10,9 +10,6 @@
     <height>768</height>
    </rect>
   </property>
-  <property name="windowTitle">
-   <string>Client</string>
-  </property>
   <property name="styleSheet">
    <string notr="true">background-color: #14845C;</string>
   </property>
diff --git a/VOF-Client-Desktop/Shop.cpp b/VOF-Client-Desktop/Shop.cpp
index 0d5f6c0..d9cfc6d 100644
--- a/VOF-Client-Desktop/Shop.cpp
+++ b/VOF-Client-Desktop/Shop.cpp
@@ -1,5 +1,5 @@
-#include "shop.h"
-#include "ui_shop.h"
+#include "Shop.h"
+#include "ui_Shop.h"
 
 shop::shop(QWidget *parent)
     : QWidget(parent)
diff --git a/VOF-Network/Constants.h b/VOF-Network/Constants.h
index e392394..ceef9b1 100644
--- a/VOF-Network/Constants.h
+++ b/VOF-Network/Constants.h
@@ -7,16 +7,27 @@ namespace VOF {
 static const quint8 MAX_CLIENTS = 8;
 static const quint16 DEFAULT_PORT = 16000;
 
+enum Action : quint8{
+    Click = 0,
+    Note1 = 1,
+    Note2 = 2,
+    Note3 = 3,
+    NoteBomb = 4,
+    Lense = 5
+};
+
 enum Command : qint8 {
     LoginRequest    = 0x01,
-    LoginSuccess    = 0x02,
-    GameStateUpdate = 0x03,
-    PlayerMove      = 0x04,
+    NewLoginConfig,
+    LoginSuccess,
+    GameStateUpdate,
+    PlayerMove,
+    Quit,
     ErrorMessage    = 0x7F
 };
 
 
-enum ConnectionState {
+enum ConnectionState { //just for reference, not used
     WaitingForHandshake,
     Authenticated,
     Closing
diff --git a/VOF-Network/NetworkObserver.cpp b/VOF-Network/NetworkObserver.cpp
index 24c92f0..bf62def 100644
--- a/VOF-Network/NetworkObserver.cpp
+++ b/VOF-Network/NetworkObserver.cpp
@@ -5,18 +5,18 @@
 #include "Constants.h"
 
 NetworkObserver::NetworkObserver(QTcpSocket* clientSocket, QObject* parent)
-    :  m_socket(clientSocket)
+    :  m_pTcpSocket(clientSocket)
     ,  QObject(parent)
 {
-    m_in.setDevice(m_socket);
+    m_dwID = 0;
+    m_wToken = 0;
+    m_in.setDevice(m_pTcpSocket);
     m_in.setVersion(QDataStream::Qt_6_5);
-    connect(m_socket, &QTcpSocket::readyRead, this, &NetworkObserver::m_onReadyRead);
+    connect(m_pTcpSocket, &QTcpSocket::readyRead,
+            this, &NetworkObserver::slot_onReadyRead);
 
-    m_out.setDevice(m_socket);
+    m_out.setDevice(m_pTcpSocket);
     m_out.setVersion(QDataStream::Qt_6_5);
-
-    connect(m_socket, &QTcpSocket::readyRead,
-            this, &NetworkObserver::m_onReadyRead);
 }
 
 void NetworkObserver::m_updateStates(const GameState &state)
@@ -24,44 +24,64 @@ void NetworkObserver::m_updateStates(const GameState &state)
     QByteArray data = m_prepareDataForPlayer(state);
 }
 
+void NetworkObserver::m_requestIdentification()
+{
+    //in case it isn't hardcoded: static_cast<quint8>(VOF::Command::LoginRequest);
+    m_out << VOF::Command::LoginRequest;
+    m_pTcpSocket->flush();
+}
+
+void NetworkObserver::m_updateLogin(quint32 dwIDin, quint16 wTokenIn)
+{
+    //qDebug() << "NWObs updateLogin " << dwIDin << " : " << wTokenIn << Qt::endl;
+    m_setId(dwIDin);
+    m_setToken(wTokenIn);
+    m_out << VOF::Command::NewLoginConfig;
+    m_out << dwIDin;
+    m_out << wTokenIn;
+    m_pTcpSocket->flush();
+}
+
 void NetworkObserver::m_proceedToMatch()
 {
-    QByteArray data;
-    QDataStream out(&data, QIODevice::WriteOnly);
-    out.setVersion(QDataStream::Qt_6_5);
-    out << "amogus";
-    m_socket->write(data);
+    return;
 }
 
 void NetworkObserver::m_reconnect(QTcpSocket *SocketIn)
 {
-    m_socket->abort();
-    m_socket = SocketIn;
-    m_socket->setParent(this);
+    m_pTcpSocket->abort();
+    m_pTcpSocket = SocketIn;
+    m_pTcpSocket->setParent(this);
 
-    m_in.setDevice(m_socket);
-    m_out.setDevice(m_socket);
+    m_in.setDevice(m_pTcpSocket);
+    m_out.setDevice(m_pTcpSocket);
 }
 
-void NetworkObserver::m_onReadyRead()
+void NetworkObserver::slot_onReadyRead()
 {
     m_in.startTransaction();
     quint8 command;
     m_in >> command;
 
-    switch (command) //command
-    {
+    if (!m_in.commitTransaction())
+        return;
+
+    switch (command){
     case VOF::Command::LoginRequest:
         quint32 id;
         quint16 token;
         m_in >> id;
         m_in >> token;
-
-        if (!m_in.commitTransaction())
-            return;
-
-        qDebug() << "Emit signal" << Qt::endl;
-        emit m_identify(id, token);
+        if(id == 0 || token == 0){
+            emit sig_newAccountRequested(this);
+        }
+        else{
+            emit sig_identificationReceived(id, token);
+        }
+        break;
+    case VOF::Command::Quit:
+        //qDebug() << "nwobs quit";
+        emit sig_quit(this);
     default:
         break;
     }
@@ -69,9 +89,6 @@ void NetworkObserver::m_onReadyRead()
 
 QByteArray NetworkObserver::m_prepareDataForPlayer(const GameState &)
 {
-    QByteArray block;
-    QDataStream out(&block, QIODevice::WriteOnly);
-    out.setVersion(QDataStream::Qt_6_5);
-    out << "";
-    return block;
+    QByteArray a;
+    return a;
 }
diff --git a/VOF-Network/NetworkObserver.h b/VOF-Network/NetworkObserver.h
index 2e8c085..6a1e410 100644
--- a/VOF-Network/NetworkObserver.h
+++ b/VOF-Network/NetworkObserver.h
@@ -14,29 +14,43 @@ class NetworkObserver :  public QObject, public IObserver
 {
     Q_OBJECT
 signals:
-    void m_identify(quint32 id, quint16 token);
+    void sig_identificationReceived(quint32 id, quint16 token);
+    void sig_newAccountRequested(NetworkObserver * pNetworkObserver);
+    void sig_quit(NetworkObserver * pNetworkObserver);
 
 public slots:
-    void m_onReadyRead();
+    void slot_onReadyRead();
 
 public:
     NetworkObserver(QTcpSocket* clientSocket, QObject* parent);
-    void m_setSocket(QTcpSocket* socketIn) { m_socket = socketIn; m_socket->setParent(this); }
-    QTcpSocket* m_getSocket() { return m_socket; }
     //void saveState();
     void m_proceedToMatch();
-    QDataStream m_getDataStream();
+
     void m_reconnect(QTcpSocket* SocketIn);
+    void m_updateStates(const GameState &state);
+    void m_requestIdentification();
 
-    quint16 m_getToken() const { return m_token; }
-    void m_setToken(quint16 newToken) { m_token = newToken; }
+    void m_updateLogin(quint32 dwIDin, quint16 wTokenIn);
+
+    void m_setSocket(QTcpSocket* socketIn) { m_pTcpSocket = socketIn; m_pTcpSocket->setParent(this); }
+    QTcpSocket* m_getSocket() { return m_pTcpSocket; }
+
+    quint8 m_getSlotId() const { return m_bSlotID; }
+    void m_setSlotId(quint8 bSlotIDin) { m_dwID = bSlotIDin; }
+
+    quint16 m_getToken() const { return m_wToken; }
+    void m_setToken(quint16 wTokenIn) { m_wToken = wTokenIn; }
+
+    quint32 m_getId() const { return m_dwID; }
+    void m_setId(quint32 dwIDin) { m_dwID = dwIDin; }
 
-    void m_updateStates(const GameState &state);
 private:
-    quint16 m_token;
+    quint8 m_bSlotID;
+    quint16 m_wToken;
+    quint32 m_dwID;
     QDataStream m_in;
     QDataStream m_out;
-    QTcpSocket* m_socket = nullptr;
+    QTcpSocket* m_pTcpSocket = nullptr;
     QByteArray m_prepareDataForPlayer(const GameState &);
 };
 
diff --git a/VOF-Server-CLI/CMakeLists.txt b/VOF-Server-CLI/CMakeLists.txt
index e444363..2ad6020 100644
--- a/VOF-Server-CLI/CMakeLists.txt
+++ b/VOF-Server-CLI/CMakeLists.txt
@@ -29,6 +29,7 @@ add_executable(VOF-Server-CLI
   VoltOrbFlipServer.cpp
   VoltOrbFlipServer.cpp VoltOrbFlipServer.h
   VoltOrbFlipServer.h
+  PlayerProfile.h
 )
 target_link_libraries(
   VOF-Server-CLI
diff --git a/VOF-Server-CLI/PlayerProfile.h b/VOF-Server-CLI/PlayerProfile.h
new file mode 100644
index 0000000..d653c51
--- /dev/null
+++ b/VOF-Server-CLI/PlayerProfile.h
@@ -0,0 +1,22 @@
+#ifndef PLAYERPROFILE_H
+#define PLAYERPROFILE_H
+
+#include <QString>
+#include <QList>
+#include <QDateTime>
+
+struct MoveRecord {
+    QString timestamp;
+    QString input;
+    int resultScore;
+    bool wasGameOver;
+};
+
+struct PlayerProfile {
+    quint32 id;
+    quint16 token;
+    QString name;
+    QList<MoveRecord> moveHistory;
+};
+
+#endif // PLAYERPROFILE_H
diff --git a/VOF-Server-CLI/VoltOrbFlipServer.cpp b/VOF-Server-CLI/VoltOrbFlipServer.cpp
index ae3a63f..2897dab 100644
--- a/VOF-Server-CLI/VoltOrbFlipServer.cpp
+++ b/VOF-Server-CLI/VoltOrbFlipServer.cpp
@@ -10,16 +10,16 @@ QTextStream err(stderr);
 QTextStream out(stdout);
 
 VoltOrbFlipServer::VoltOrbFlipServer(QObject *parent)
-    : m_tcpServer (new QTcpServer(this) )
+    : m_pTcpServer (new QTcpServer(this) )
 {
-    connect(m_tcpServer, &QTcpServer::newConnection, this, &VoltOrbFlipServer::m_attach);
+    connect(m_pTcpServer, &QTcpServer::newConnection, this, &VoltOrbFlipServer::slot_attach);
     m_startServer(16000);
 }
 
-void VoltOrbFlipServer::m_notifyClients()
+void VoltOrbFlipServer::slot_notifyClients()
 {
     foreach (NetworkObserver* player, m_clients) {
-        player->m_updateStates(m_gamestate);
+        player->m_updateStates(m_tGamestate);
     }
 }
 
@@ -33,6 +33,30 @@ quint8 VoltOrbFlipServer::m_findFirstFreeSlot()
     return slotId;
 }
 
+quint32 VoltOrbFlipServer::m_getNextFreePlayerId()
+{
+    if (m_playerDatabase.isEmpty()) return 1;
+    return m_playerDatabase.lastKey() + 1;
+}
+
+quint16 VoltOrbFlipServer::m_generateUniqueToken()
+{
+    quint16 newToken = 0;
+    bool unique = false;
+    while (!unique) {
+        newToken = static_cast<quint16>(QRandomGenerator::global()->bounded(1, 65536));
+        unique = true;
+
+        for (NetworkObserver* obs : m_clients.values()) {
+            if (obs->m_getToken() == newToken) {
+                unique = false;
+                break;
+            }
+        }
+    }
+    return newToken;
+}
+
 void VoltOrbFlipServer::m_startServer(quint16 port)
 {
     QHostAddress ipAddress;
@@ -48,63 +72,121 @@ void VoltOrbFlipServer::m_startServer(quint16 port)
         ipAddress = QHostAddress::LocalHost;
     }
 
-    if (!m_tcpServer->listen(ipAddress, port)) {
+    if (!m_pTcpServer->listen(ipAddress, port)) {
         err
             << "Unable to start the server: %s"
-            << m_tcpServer->errorString()
+            << m_pTcpServer->errorString()
             << Qt::endl;
         return;
     }
     out << "The server is running on IP: " << ipAddress.toString() << Qt::endl;
-    out << "Port: " << m_tcpServer->serverPort() << Qt::endl;
+    out << "Port: " << m_pTcpServer->serverPort() << Qt::endl;
 }
 
-void VoltOrbFlipServer::m_attach()
+void VoltOrbFlipServer::slot_attach()
 {
-    QTcpSocket* clientConnection = m_tcpServer->nextPendingConnection();
+    QTcpSocket* clientConnection = m_pTcpServer->nextPendingConnection();
     NetworkObserver* player = new NetworkObserver(clientConnection, this);
 
+    player->m_requestIdentification();
     connect(clientConnection, &QAbstractSocket::disconnected,
             clientConnection, &QObject::deleteLater);
-    connect(player, &NetworkObserver::m_identify,
-            this, &VoltOrbFlipServer::m_processHandshake);
+    connect(player, &NetworkObserver::sig_identificationReceived,
+            this, &VoltOrbFlipServer::slot_processHandshake);
+    connect(player, &NetworkObserver::sig_newAccountRequested,
+            this, &VoltOrbFlipServer::slot_provideNewLogin);
+    connect(player, &NetworkObserver::sig_quit,
+            this, &VoltOrbFlipServer::slot_detach);
 }
 
-void VoltOrbFlipServer::m_processHandshake(quint32 idIn, quint16 tokenIn)
+void VoltOrbFlipServer::slot_assignLobby(NetworkObserver* pNWObs, quint8 lobbyIDin)
 {
+    if(m_lobby.count() < VOF::MAX_CLIENTS){
+        quint8 slotID = m_findFirstFreeSlot();
+        m_lobby.insert(slotID, pNWObs);
+        pNWObs->m_setSlotId(lobbyIDin);
+        out << "Welcome Player " << pNWObs->m_getId()
+            << " in Lobby lobbyIDin" << lobbyIDin
+            << " on lobbyslot " << slotID << Qt::endl;
+    }
+    else{
+        out << "ERR: Lobby " << lobbyIDin
+            << " Already Full" << Qt::endl;
+    }
+}
+
+void VoltOrbFlipServer::slot_processHandshake(quint32 idIn, quint16 tokenIn)
+{
+    out << "INF: Handshake with " << idIn
+        << " on " << tokenIn << Qt::endl;
+
     NetworkObserver* anon = qobject_cast<NetworkObserver*>(sender());
     connect(anon->m_getSocket(), &QAbstractSocket::disconnected,
             anon, &QObject::deleteLater);
 
-    if(m_clients.contains(idIn)){
-        NetworkObserver* existingPlayer = m_clients[idIn];
-        if(existingPlayer->m_getToken() == tokenIn)
-        {
-            existingPlayer->m_setSocket(anon->m_getSocket());
-            anon->deleteLater();
+    if(m_playerDatabase.contains(idIn)){ //known ID
+        if(m_clients.contains(idIn)){ //currently playing
+            NetworkObserver* existingPlayer = m_clients[idIn];
+            if(existingPlayer->m_getToken() == tokenIn) //correct token -> recomnnect
+            {
+                out << "INF: Welcome back " << idIn << Qt::endl;
+                existingPlayer->m_setSocket(anon->m_getSocket()); //implied connection issue
+                anon->deleteLater();
+                return;
+            }
+            else{ //incorrect token -> impostor among us
+                err << "ERR: Wrong token for slot " << idIn << Qt::endl;
+                anon->m_getSocket()->disconnectFromHost();
+                return;
+                //slot_provideNewLogin(anon);
+            }
         }
-        else{
-            err << "ERR: Wrong token for slot" << idIn << Qt::endl;
-            anon->m_getSocket()->disconnectFromHost();
+        else{ //first login this server life -> refresh token
+            slot_refreshToken(anon);
+            return;
         }
     }
-    else{
-        if(m_clients.count() < VOF::MAX_CLIENTS){
-            quint8 slotID = m_findFirstFreeSlot();
-            m_clients.insert(slotID, anon);
-            out << "Welcome Player " << idIn
-                << "on lobbyslot " << slotID << Qt::endl;
-        }
-        else{
-            out << "ERR: Already Full" << Qt::endl;
-        }
+    else{ //new player
+        //out << "ERR: ClientID not usable" << Qt::endl;
+        slot_provideNewLogin(anon);
+        return;
     }
+}
 
+void VoltOrbFlipServer::slot_provideNewLogin(NetworkObserver * pNetworkObserver)
+{
+    out << "INF: New Login Requested" << Qt::endl;
+    quint32 dwID = m_getNextFreePlayerId();
+    quint16 wToken = m_generateUniqueToken();
+    //out << "serverProvideLogin " << dwID << " : " << wToken << Qt::endl;
+    PlayerProfile player;
+    player.id = dwID;
+    player.token = wToken;
+    m_playerDatabase.insert(dwID, player);
+    m_clients.insert(dwID, pNetworkObserver);
+    out << "INF: Welcome " << dwID << " to the server" << Qt::endl;
+    pNetworkObserver->m_updateLogin(dwID, wToken);
 }
 
-void VoltOrbFlipServer::m_detach(NetworkObserver *obs)
+void VoltOrbFlipServer::slot_refreshToken(NetworkObserver *pNetworkObserver)
 {
+    quint32 dwID = pNetworkObserver->m_getId();
+    quint16 wToken = m_generateUniqueToken();
+    out << "serverProvideLogin " << dwID << " : " << wToken << Qt::endl;
+    PlayerProfile player = m_playerDatabase[dwID];
+    player.token = wToken;
+    m_clients.insert(dwID, pNetworkObserver);
+    out << "INF: Welcome " << dwID << " back to the server" << Qt::endl;
+    pNetworkObserver->m_updateLogin(dwID, wToken);
+}
 
+void VoltOrbFlipServer::slot_detach(NetworkObserver *obs)
+{
+    quint32 dwID = obs->m_getId();
+    out << "INF: Goodbye " << dwID << Qt::endl;
+    m_lobby.remove(dwID);
+    m_clients.remove(dwID);
+    obs->deleteLater();
 }
 
 void VoltOrbFlipServer::m_processInput(int playerId, std::string Input)
diff --git a/VOF-Server-CLI/VoltOrbFlipServer.h b/VOF-Server-CLI/VoltOrbFlipServer.h
index 70c3bed..7eac32e 100644
--- a/VOF-Server-CLI/VoltOrbFlipServer.h
+++ b/VOF-Server-CLI/VoltOrbFlipServer.h
@@ -7,6 +7,7 @@
 
 #include "GameState.h"
 #include "NetworkObserver.h"
+#include "PlayerProfile.h"
 
 
 QT_BEGIN_NAMESPACE
@@ -18,28 +19,38 @@ class VoltOrbFlipServer : public QObject
 {
     Q_OBJECT
 
+signals:
+    void sig_identificationValid(quint32 dwIDout, quint16 wTokenout);
+
 public:
     explicit VoltOrbFlipServer(QObject *parent = nullptr);
     void m_startServer(quint16 port = 0);
-    void m_detach(NetworkObserver* obs);
     void m_processInput(int playerId, std::string Input);
     bool m_verifyInput(std::string input);
     void m_applyMove(std::string input);
 
 public slots:
-    void m_processHandshake(quint32 ID, quint16 token);
-    void m_attach();
-    void m_notifyClients();
+    void slot_assignLobby(NetworkObserver* pNetworkObserver, quint8 lobbyIDin = 0);
+    void slot_attach();
+    void slot_notifyClients();
+    void slot_processHandshake(quint32 ID, quint16 token);
+    void slot_provideNewLogin(NetworkObserver* pNetworkObserver);
+    void slot_refreshToken(NetworkObserver* pNetworkObserver);
+    void slot_detach(NetworkObserver* obs);
 
 private:
-    quint8 m_findFirstFreeSlot();
-    QTcpServer *m_tcpServer = nullptr;
+    QTcpServer *m_pTcpServer = nullptr;
+    QMap<quint32, PlayerProfile> m_playerDatabase;
+    QMap<quint32, NetworkObserver*> m_clients;
 
-    GameState m_gamestate;
-    QMap<quint8, NetworkObserver*> m_clients;
-
-    void deletePlayerInfo(quint32 playerId);
+    GameState m_tGamestate;
+    QMap<quint8, NetworkObserver*> m_lobby;
 
+    quint8 m_findFirstFreeSlot();
+    quint32 m_getNextFreePlayerId();
+    quint16 m_generateUniqueToken();
+    void m_deletePlayerInfo(quint32 playerId);
+    void m_logMove(quint32 playerId, std::string input, int result, bool gameOver);
 };
 
 #endif // VOLTORBFLIPSERVER_H
